This is pdfTeX, Version 3.141592653-2.6-1.40.26 (TeX Live 2024) (preloaded format=pdflatex 2024.9.16)  13 NOV 2024 14:25
entering extended mode
 restricted \write18 enabled.
 %&-line parsing enabled.
**sections/citation_screening.tex
(./sections/citation_screening.tex
LaTeX2e <2024-06-01> patch level 2
L3 programming layer <2024-08-30>
(/usr/local/texlive/2024/texmf-dist/tex/latex/subfiles/subfiles.cls
Document Class: subfiles 2020/11/14 v2.2 Multi-file projects (class)
Preamble taken from file `../main.tex'
(/usr/local/texlive/2024/texmf-dist/tex/latex/import/import.sty
Package: import 2020/04/01  v 6.2
)

! LaTeX Error: File `../main.tex' not found.

Type X to quit or <RETURN> to proceed,
or enter new name. (Default extension: tex)

Enter file name: 
! Interruption.
<to be read again> 
                   }
l.45 \input{\preamble@file}
                           ^^M
? 
! Emergency stop.
<to be read again> 
                   }
l.45 \input{\preamble@file}
                           ^^M
End of file on the terminal!

 
Here is how much of TeX's memory you used:
 75 strings out of 473579
 1733 string characters out of 5728234
 386801 words of memory out of 5000000
 23061 multiletter control sequences out of 15000+600000
 558069 words of font info for 36 fonts, out of 8000000 for 9000
 1141 hyphenation exceptions out of 8191
 42i,0n,55p,165b,18s stack positions out of 10000i,1000n,20000p,200000b,200000s
!  ==> Fatal error occurred, no output PDF file produced!
