\BOOKMARK [1][-]{section.1}{\376\377\000I\000N\000T\000R\000O\000D\000U\000C\000T\000I\000O\000N}{}% 1
\BOOKMARK [1][-]{section.2}{\376\377\000B\000A\000C\000K\000G\000R\000O\000U\000N\000D\000\040\000L\000I\000T\000E\000R\000A\000T\000U\000R\000E}{}% 2
\BOOKMARK [2][-]{subsection.2.1}{\376\377\000S\000y\000s\000t\000e\000m\000a\000t\000i\000c\000\040\000R\000e\000v\000i\000e\000w\000s}{section.2}% 3
\BOOKMARK [3][-]{subsubsection.2.1.1}{\376\377\000T\000h\000e\000\040\000s\000y\000s\000t\000e\000m\000a\000t\000i\000c\000\040\000r\000e\000v\000i\000e\000w\000\040\000p\000r\000o\000c\000e\000s\000s}{subsection.2.1}% 4
\BOOKMARK [3][-]{subsubsection.2.1.2}{\376\377\000E\000f\000f\000i\000c\000i\000e\000n\000c\000y\000\040\000w\000i\000t\000h\000i\000n\000\040\000t\000h\000e\000\040\000t\000i\000t\000l\000e\000\040\000a\000n\000d\000\040\000a\000b\000s\000t\000r\000a\000c\000t\000\040\000S\000c\000r\000e\000e\000n\000i\000n\000g\000\040\000p\000r\000o\000c\000e\000s\000s}{subsection.2.1}% 5
\BOOKMARK [2][-]{subsection.2.2}{\376\377\000A\000c\000t\000i\000v\000e\000\040\000L\000e\000a\000r\000n\000i\000n\000g}{section.2}% 6
\BOOKMARK [3][-]{subsubsection.2.2.1}{\376\377\000A\000c\000t\000i\000v\000e\000\040\000L\000e\000a\000r\000n\000i\000n\000g\000\040\000K\000e\000y\000\040\000L\000i\000t\000e\000r\000a\000t\000u\000r\000e}{subsection.2.2}% 7
\BOOKMARK [2][-]{subsection.2.3}{\376\377\000C\000i\000t\000a\000t\000i\000o\000n\000s\000\040\000i\000n\000\040\000m\000e\000d\000i\000c\000a\000l\000\040\000r\000e\000s\000e\000a\000r\000c\000h}{section.2}% 8
\BOOKMARK [3][-]{subsubsection.2.3.1}{\376\377\000I\000m\000p\000r\000o\000v\000e\000m\000e\000n\000t\000s\000\040\000i\000n\000\040\000e\000n\000c\000o\000d\000e\000r\000\040\000p\000e\000r\000f\000o\000r\000m\000a\000n\000c\000e\000\040\000u\000s\000i\000n\000g\000\040\000d\000z\000i\000r\000e\000c\000t\000\040\000c\000i\000t\000a\000t\000i\000o\000n\000s}{subsection.2.3}% 9
\BOOKMARK [3][-]{subsubsection.2.3.2}{\376\377\000D\000i\000r\000e\000c\000t\000\040\000c\000i\000t\000a\000t\000i\000o\000n\000\040\000n\000e\000t\000w\000o\000r\000k\000\040\000m\000i\000n\000i\000n\000g\000\040\000w\000i\000t\000h\000i\000n\000\040\000m\000e\000d\000i\000c\000i\000n\000e\000\040\000r\000e\000s\000e\000a\000r\000c\000h}{subsection.2.3}% 10
\BOOKMARK [3][-]{subsubsection.2.3.3}{\376\377\000E\000x\000t\000e\000n\000d\000i\000n\000g\000\040\000c\000u\000r\000r\000e\000n\000t\000\040\000c\000i\000t\000a\000t\000i\000o\000n\000\040\000n\000e\000t\000w\000o\000r\000k\000\040\000m\000i\000n\000i\000n\000g\000\040\000a\000p\000p\000r\000o\000a\000c\000h\000e\000s}{subsection.2.3}% 11
\BOOKMARK [3][-]{subsubsection.2.3.4}{\376\377\000G\000r\000a\000p\000h\000\040\000N\000e\000u\000r\000a\000l\000\040\000N\000e\000t\000w\000o\000r\000k\000s}{subsection.2.3}% 12
\BOOKMARK [3][-]{subsubsection.2.3.5}{\376\377\000L\000L\000M\000s\000\040\000a\000n\000d\000\040\000c\000i\000t\000a\000t\000i\000o\000n\000\040\000n\000e\000t\000w\000o\000r\000k\000\040\000m\000i\000n\000i\000n\000g}{subsection.2.3}% 13
\BOOKMARK [2][-]{subsection.2.4}{\376\377\000N\000o\000t\000e\000s\000\040\000o\000n\000\040\000G\000r\000a\000p\000h\000\040\000N\000e\000u\000r\000a\000l\000\040\000N\000e\000t\000w\000o\000r\000k\000s}{section.2}% 14
\BOOKMARK [2][-]{subsection.2.5}{\376\377\000D\000a\000t\000a\000s\000e\000t\000s}{section.2}% 15
\BOOKMARK [3][-]{subsubsection.2.5.1}{\376\377\000C\000L\000E\000F\000-\000T\000A\000R\000\040\000\050\0002\0000\0001\0007\000,\000\040\0002\0000\0001\0008\000,\000\040\0002\0000\0001\0009\000\051}{subsection.2.5}% 16
\BOOKMARK [3][-]{subsubsection.2.5.2}{\376\377\000S\000y\000n\000e\000r\000g\000y\000\040\000D\000a\000t\000a\000s\000e\000t}{subsection.2.5}% 17
\BOOKMARK [3][-]{subsubsection.2.5.3}{\376\377\000T\000R\000E\000C\000\040\000T\000o\000t\000a\000l\000\040\000R\000e\000c\000a\000l\000l\000\040\000T\000r\000a\000c\000k\000\040\000D\000a\000t\000a\000s\000e\000t\000\040\000\050\0002\0000\0001\0005\000,\000\040\0002\0000\0001\0006\000\051}{subsection.2.5}% 18
\BOOKMARK [3][-]{subsubsection.2.5.4}{\376\377\000J\000e\000b\000\040\000B\000u\000s\000h\000\040\000E\000m\000a\000i\000l\000s\000\040\000D\000a\000t\000a\000s\000e\000t}{subsection.2.5}% 19
\BOOKMARK [3][-]{subsubsection.2.5.5}{\376\377\000R\000C\000V\0001\000-\000v\0002\000\040\000D\000a\000t\000a\000s\000e\000t}{subsection.2.5}% 20
\BOOKMARK [2][-]{subsection.2.6}{\376\377\000E\000v\000a\000l\000u\000a\000t\000i\000o\000n\000\040\000M\000e\000t\000r\000i\000c\000s}{section.2}% 21
\BOOKMARK [3][-]{subsubsection.2.6.1}{\376\377\000R\000e\000c\000a\000l\000l\000@\000k}{subsection.2.6}% 22
\BOOKMARK [3][-]{subsubsection.2.6.2}{\376\377\000R\000-\000P\000r\000e\000c\000i\000s\000i\000o\000n}{subsection.2.6}% 23
\BOOKMARK [3][-]{subsubsection.2.6.3}{\376\377\000W\000o\000r\000k\000\040\000S\000a\000v\000e\000d\000\040\000O\000v\000e\000r\000\040\000S\000a\000m\000p\000l\000i\000n\000g\000\040\000\050\000W\000S\000S\000@\000k\000\051}{subsection.2.6}% 24
\BOOKMARK [1][-]{section.3}{\376\377\000R\000E\000S\000E\000A\000R\000C\000H\000\040\000G\000A\000P\000S}{}% 25
\BOOKMARK [2][-]{subsection.3.1}{\376\377\000E\000n\000a\000b\000l\000i\000n\000g\000\040\000f\000a\000i\000r\000\040\000c\000o\000m\000p\000a\000r\000i\000s\000o\000n}{section.3}% 26
\BOOKMARK [2][-]{subsection.3.2}{\376\377\000L\000i\000m\000i\000t\000e\000d\000\040\000f\000e\000a\000t\000u\000r\000e\000\040\000u\000s\000e\000a\000g\000e}{section.3}% 27
\BOOKMARK [2][-]{subsection.3.3}{\376\377\000D\000e\000c\000o\000d\000e\000r\000s\000\040\000a\000s\000\040\000t\000e\000x\000t\000\040\000e\000n\000c\000o\000d\000e\000r}{section.3}% 28
\BOOKMARK [2][-]{subsection.3.4}{\376\377\000S\000t\000r\000e\000t\000c\000h\000\040\000R\000Q\000s}{section.3}% 29
\BOOKMARK [1][-]{section.4}{\376\377\000T\000I\000M\000E\000L\000I\000N\000E}{}% 30
\BOOKMARK [2][-]{subsection.4.1}{\376\377\000P\000o\000t\000e\000n\000t\000i\000a\000l\000\040\000T\000h\000r\000e\000a\000t\000s}{section.4}% 31
\BOOKMARK [1][-]{section.5}{\376\377\000E\000T\000H\000I\000C\000S}{}% 32
\BOOKMARK [1][-]{section.6}{\376\377\000P\000R\000O\000F\000E\000S\000S\000I\000O\000N\000A\000L\000\040\000D\000E\000V\000E\000L\000O\000P\000M\000E\000N\000T\000\040\000P\000L\000A\000N}{}% 33
\BOOKMARK [1][-]{section.7}{\376\377\000A\000U\000T\000H\000O\000R\000S\000\040\000S\000U\000P\000P\000O\000R\000T\000I\000N\000G\000\040\000W\000O\000R\000K\000S}{}% 34
\BOOKMARK [2][-]{subsection.7.1}{\376\377\000P\000r\000e\000d\000i\000c\000t\000i\000n\000g\000\040\000R\000e\000t\000r\000a\000c\000t\000e\000d\000\040\000R\000e\000s\000e\000a\000r\000c\000h}{section.7}% 35
\BOOKMARK [2][-]{subsection.7.2}{\376\377\000T\000h\000e\000\040\000s\000t\000o\000p\000p\000i\000n\000g\000\040\000p\000r\000o\000b\000l\000e\000m}{section.7}% 36
\BOOKMARK [2][-]{subsection.7.3}{\376\377\000C\000P\000E\000T\000\040\000a\000n\000a\000l\000y\000s\000i\000s\000\040\000a\000n\000d\000\040\000d\000e\000e\000p\000\040\000n\000e\000u\000r\000a\000l\000\040\000n\000e\000t\000w\000o\000r\000k\000s}{section.7}% 37
\BOOKMARK [1][-]{section.8}{\376\377\000A\000p\000p\000e\000n\000d\000i\000x}{}% 38
\BOOKMARK [1][-]{appendix.A}{\376\377\000R\000e\000t\000r\000a\000c\000t\000i\000o\000n\000\040\000W\000a\000t\000c\000h\000\040\000R\000e\000s\000e\000a\000r\000c\000h}{}% 39
\BOOKMARK [1][-]{appendix.B}{\376\377\000E\000n\000g\000a\000g\000e\000m\000e\000n\000t\000\040\000w\000i\000t\000h\000\040\000D\000P\000P\000\040\000a\000c\000t\000i\000v\000i\000t\000i\000e\000s\000:\000\040\000C\000O\000M\0006\0001\0000\0000\0003}{}% 40
\BOOKMARK [1][-]{appendix.C}{\376\377\000E\000n\000g\000a\000g\000e\000m\000e\000n\000t\000\040\000w\000i\000t\000h\000\040\000D\000P\000P\000\040\000a\000c\000t\000i\000v\000i\000t\000i\000e\000s\000:\000\040\000C\000O\000M\0006\0001\0000\0000\0004}{}% 41
